sendnotification/build/outputs/apk/manifest-merger-debug-report.txt
-- Merging decision tree log ---
manifest
ADDED from AndroidManifest.xml:2:1
	xmlns:android
		ADDED from AndroidManifest.xml:2:11
	package
		ADDED from AndroidManifest.xml:3:5
		INJECTED from AndroidManifest.xml:0:0
		INJECTED from AndroidManifest.xml:0:0
	android:versionName
		INJECTED from AndroidManifest.xml:0:0
		INJECTED from AndroidManifest.xml:0:0
	android:versionCode
		INJECTED from AndroidManifest.xml:0:0
		INJECTED from AndroidManifest.xml:0:0
uses-permission#android.permission.VIBRATE
ADDED from AndroidManifest.xml:5:5
	android:name
		ADDED from AndroidManifest.xml:5:22
application
ADDED from AndroidManifest.xml:7:5
	android:label
		ADDED from AndroidManifest.xml:10:9
	android:allowBackup
		ADDED from AndroidManifest.xml:8:9
	android:icon
		ADDED from AndroidManifest.xml:9:9
	android:theme
		ADDED from AndroidManifest.xml:11:9
activity#unique.liuchang.sendnotification.MainActivity
ADDED from AndroidManifest.xml:12:9
	android:label
		ADDED from AndroidManifest.xml:14:13
	android:name
		ADDED from AndroidManifest.xml:13:13
intent-filter#android.intent.action.MAIN+android.intent.category.LAUNCHER
ADDED from AndroidManifest.xml:15:13
action#android.intent.action.MAIN
ADDED from AndroidManifest.xml:16:17
	android:name
		ADDED from AndroidManifest.xml:16:25
category#android.intent.category.LAUNCHER
ADDED from AndroidManifest.xml:18:17
	android:name
		ADDED from AndroidManifest.xml:18:27
activity#unique.liuchang.sendnotification.NotificationVIew
ADDED from AndroidManifest.xml:21:9
	android:label
		ADDED from AndroidManifest.xml:23:13
	android:name
		ADDED from AndroidManifest.xml:22:13
intent-filter#android.intent.action.MAIN+android.intent.category.DEFAULT
ADDED from AndroidManifest.xml:24:13
category#android.intent.category.DEFAULT
ADDED from AndroidManifest.xml:26:17
	android:name
		ADDED from AndroidManifest.xml:26:27
uses-sdk
INJECTED from AndroidManifest.xml:0:0 reason: use-sdk injection requested
	android:targetSdkVersion
		INJECTED from AndroidManifest.xml:0:0
		INJECTED from AndroidManifest.xml:0:0
	android:minSdkVersion
		INJECTED from AndroidManifest.xml:0:0
		INJECTED from AndroidManifest.xml:0:0